{"/Users/omar/Desktop/Proyecto/Team22_OracleProductivityApp/MtdrSpring/backend/src/main/frontend/src/API_Developer.js": {"path":"/Users/omar/Desktop/Proyecto/Team22_OracleProductivityApp/MtdrSpring/backend/src/main/frontend/src/API_Developer.js","statementMap":{"0":{"start":{"line":1,"column":22},"end":{"line":1,"column":35}}},"fnMap":{},"branchMap":{},"s":{"0":0},"f":{},"b":{}}
,"/Users/omar/Desktop/Proyecto/Team22_OracleProductivityApp/MtdrSpring/backend/src/main/frontend/src/App.js": {"path":"/Users/omar/Desktop/Proyecto/Team22_OracleProductivityApp/MtdrSpring/backend/src/main/frontend/src/App.js","statementMap":{"0":{"start":{"line":38,"column":36},"end":{"line":38,"column":51}},"1":{"start":{"line":41,"column":40},"end":{"line":41,"column":55}},"2":{"start":{"line":44,"column":30},"end":{"line":44,"column":42}},"3":{"start":{"line":46,"column":30},"end":{"line":46,"column":40}},"4":{"start":{"line":50,"column":6},"end":{"line":71,"column":8}},"5":{"start":{"line":56,"column":8},"end":{"line":61,"column":9}},"6":{"start":{"line":58,"column":10},"end":{"line":58,"column":26}},"7":{"start":{"line":60,"column":10},"end":{"line":60,"column":54}},"8":{"start":{"line":65,"column":33},"end":{"line":65,"column":75}},"9":{"start":{"line":65,"column":54},"end":{"line":65,"column":74}},"10":{"start":{"line":66,"column":10},"end":{"line":66,"column":35}},"11":{"start":{"line":69,"column":10},"end":{"line":69,"column":26}},"12":{"start":{"line":74,"column":6},"end":{"line":74,"column":29}},"13":{"start":{"line":75,"column":6},"end":{"line":78,"column":8}},"14":{"start":{"line":76,"column":22},"end":{"line":76,"column":41}},"15":{"start":{"line":77,"column":21},"end":{"line":77,"column":37}},"16":{"start":{"line":81,"column":6},"end":{"line":101,"column":13}},"17":{"start":{"line":83,"column":10},"end":{"line":87,"column":11}},"18":{"start":{"line":84,"column":12},"end":{"line":84,"column":35}},"19":{"start":{"line":86,"column":12},"end":{"line":86,"column":56}},"20":{"start":{"line":91,"column":27},"end":{"line":96,"column":23}},"21":{"start":{"line":92,"column":20},"end":{"line":96,"column":21}},"22":{"start":{"line":97,"column":12},"end":{"line":97,"column":29}},"23":{"start":{"line":100,"column":12},"end":{"line":100,"column":28}},"24":{"start":{"line":105,"column":17},"end":{"line":105,"column":59}},"25":{"start":{"line":106,"column":6},"end":{"line":122,"column":9}},"26":{"start":{"line":116,"column":8},"end":{"line":121,"column":9}},"27":{"start":{"line":118,"column":10},"end":{"line":118,"column":26}},"28":{"start":{"line":120,"column":10},"end":{"line":120,"column":54}},"29":{"start":{"line":130,"column":4},"end":{"line":157,"column":6}},"30":{"start":{"line":131,"column":6},"end":{"line":131,"column":23}},"31":{"start":{"line":133,"column":6},"end":{"line":149,"column":13}},"32":{"start":{"line":135,"column":10},"end":{"line":139,"column":11}},"33":{"start":{"line":136,"column":12},"end":{"line":136,"column":35}},"34":{"start":{"line":138,"column":12},"end":{"line":138,"column":56}},"35":{"start":{"line":143,"column":12},"end":{"line":143,"column":30}},"36":{"start":{"line":144,"column":12},"end":{"line":144,"column":29}},"37":{"start":{"line":147,"column":12},"end":{"line":147,"column":30}},"38":{"start":{"line":148,"column":12},"end":{"line":148,"column":28}},"39":{"start":{"line":159,"column":6},"end":{"line":159,"column":38}},"40":{"start":{"line":160,"column":6},"end":{"line":160,"column":25}},"41":{"start":{"line":161,"column":17},"end":{"line":161,"column":19}},"42":{"start":{"line":162,"column":6},"end":{"line":162,"column":24}},"43":{"start":{"line":163,"column":6},"end":{"line":163,"column":30}},"44":{"start":{"line":164,"column":6},"end":{"line":193,"column":8}},"45":{"start":{"line":173,"column":8},"end":{"line":173,"column":30}},"46":{"start":{"line":174,"column":8},"end":{"line":174,"column":22}},"47":{"start":{"line":175,"column":8},"end":{"line":175,"column":47}},"48":{"start":{"line":177,"column":8},"end":{"line":181,"column":9}},"49":{"start":{"line":178,"column":10},"end":{"line":178,"column":26}},"50":{"start":{"line":180,"column":10},"end":{"line":180,"column":54}},"51":{"start":{"line":184,"column":19},"end":{"line":184,"column":49}},"52":{"start":{"line":185,"column":24},"end":{"line":185,"column":55}},"53":{"start":{"line":186,"column":10},"end":{"line":186,"column":40}},"54":{"start":{"line":187,"column":10},"end":{"line":187,"column":30}},"55":{"start":{"line":190,"column":10},"end":{"line":190,"column":30}},"56":{"start":{"line":191,"column":10},"end":{"line":191,"column":26}},"57":{"start":{"line":198,"column":4},"end":{"line":265,"column":6}},"58":{"start":{"line":209,"column":18},"end":{"line":221,"column":19}},"59":{"start":{"line":216,"column":95},"end":{"line":216,"column":151}},"60":{"start":{"line":229,"column":18},"end":{"line":246,"column":19}},"61":{"start":{"line":236,"column":95},"end":{"line":236,"column":151}},"62":{"start":{"line":241,"column":119},"end":{"line":241,"column":138}}},"fnMap":{"0":{"name":"App","decl":{"start":{"line":35,"column":9},"end":{"line":35,"column":12}},"loc":{"start":{"line":35,"column":15},"end":{"line":266,"column":3}},"line":35},"1":{"name":"deleteItem","decl":{"start":{"line":48,"column":13},"end":{"line":48,"column":23}},"loc":{"start":{"line":48,"column":34},"end":{"line":72,"column":5}},"line":48},"2":{"name":"(anonymous_2)","decl":{"start":{"line":53,"column":12},"end":{"line":53,"column":13}},"loc":{"start":{"line":53,"column":24},"end":{"line":62,"column":7}},"line":53},"3":{"name":"(anonymous_3)","decl":{"start":{"line":64,"column":8},"end":{"line":64,"column":9}},"loc":{"start":{"line":64,"column":20},"end":{"line":67,"column":9}},"line":64},"4":{"name":"(anonymous_4)","decl":{"start":{"line":65,"column":46},"end":{"line":65,"column":47}},"loc":{"start":{"line":65,"column":54},"end":{"line":65,"column":74}},"line":65},"5":{"name":"(anonymous_5)","decl":{"start":{"line":68,"column":8},"end":{"line":68,"column":9}},"loc":{"start":{"line":68,"column":19},"end":{"line":70,"column":9}},"line":68},"6":{"name":"toggleDone","decl":{"start":{"line":73,"column":13},"end":{"line":73,"column":23}},"loc":{"start":{"line":73,"column":54},"end":{"line":79,"column":5}},"line":73},"7":{"name":"(anonymous_7)","decl":{"start":{"line":76,"column":8},"end":{"line":76,"column":9}},"loc":{"start":{"line":76,"column":20},"end":{"line":76,"column":43}},"line":76},"8":{"name":"(anonymous_8)","decl":{"start":{"line":77,"column":8},"end":{"line":77,"column":9}},"loc":{"start":{"line":77,"column":19},"end":{"line":77,"column":39}},"line":77},"9":{"name":"reloadOneIteam","decl":{"start":{"line":80,"column":13},"end":{"line":80,"column":27}},"loc":{"start":{"line":80,"column":31},"end":{"line":102,"column":5}},"line":80},"10":{"name":"(anonymous_10)","decl":{"start":{"line":82,"column":14},"end":{"line":82,"column":15}},"loc":{"start":{"line":82,"column":26},"end":{"line":88,"column":9}},"line":82},"11":{"name":"(anonymous_11)","decl":{"start":{"line":90,"column":10},"end":{"line":90,"column":11}},"loc":{"start":{"line":90,"column":22},"end":{"line":98,"column":11}},"line":90},"12":{"name":"(anonymous_12)","decl":{"start":{"line":92,"column":14},"end":{"line":92,"column":15}},"loc":{"start":{"line":92,"column":20},"end":{"line":96,"column":21}},"line":92},"13":{"name":"(anonymous_13)","decl":{"start":{"line":99,"column":10},"end":{"line":99,"column":11}},"loc":{"start":{"line":99,"column":21},"end":{"line":101,"column":11}},"line":99},"14":{"name":"modifyItem","decl":{"start":{"line":103,"column":13},"end":{"line":103,"column":23}},"loc":{"start":{"line":103,"column":47},"end":{"line":123,"column":5}},"line":103},"15":{"name":"(anonymous_15)","decl":{"start":{"line":113,"column":12},"end":{"line":113,"column":13}},"loc":{"start":{"line":113,"column":24},"end":{"line":122,"column":7}},"line":113},"16":{"name":"(anonymous_16)","decl":{"start":{"line":130,"column":14},"end":{"line":130,"column":15}},"loc":{"start":{"line":130,"column":20},"end":{"line":152,"column":5}},"line":130},"17":{"name":"(anonymous_17)","decl":{"start":{"line":134,"column":14},"end":{"line":134,"column":15}},"loc":{"start":{"line":134,"column":26},"end":{"line":140,"column":9}},"line":134},"18":{"name":"(anonymous_18)","decl":{"start":{"line":142,"column":10},"end":{"line":142,"column":11}},"loc":{"start":{"line":142,"column":22},"end":{"line":145,"column":11}},"line":142},"19":{"name":"(anonymous_19)","decl":{"start":{"line":146,"column":10},"end":{"line":146,"column":11}},"loc":{"start":{"line":146,"column":21},"end":{"line":149,"column":11}},"line":146},"20":{"name":"addItem","decl":{"start":{"line":158,"column":13},"end":{"line":158,"column":20}},"loc":{"start":{"line":158,"column":26},"end":{"line":194,"column":5}},"line":158},"21":{"name":"(anonymous_21)","decl":{"start":{"line":171,"column":14},"end":{"line":171,"column":15}},"loc":{"start":{"line":171,"column":28},"end":{"line":182,"column":7}},"line":171},"22":{"name":"(anonymous_22)","decl":{"start":{"line":183,"column":8},"end":{"line":183,"column":9}},"loc":{"start":{"line":183,"column":20},"end":{"line":188,"column":9}},"line":183},"23":{"name":"(anonymous_23)","decl":{"start":{"line":189,"column":8},"end":{"line":189,"column":9}},"loc":{"start":{"line":189,"column":19},"end":{"line":192,"column":9}},"line":189},"24":{"name":"(anonymous_24)","decl":{"start":{"line":208,"column":27},"end":{"line":208,"column":28}},"loc":{"start":{"line":209,"column":18},"end":{"line":221,"column":19}},"line":209},"25":{"name":"(anonymous_25)","decl":{"start":{"line":216,"column":84},"end":{"line":216,"column":85}},"loc":{"start":{"line":216,"column":95},"end":{"line":216,"column":151}},"line":216},"26":{"name":"(anonymous_26)","decl":{"start":{"line":228,"column":27},"end":{"line":228,"column":28}},"loc":{"start":{"line":229,"column":18},"end":{"line":246,"column":19}},"line":229},"27":{"name":"(anonymous_27)","decl":{"start":{"line":236,"column":84},"end":{"line":236,"column":85}},"loc":{"start":{"line":236,"column":95},"end":{"line":236,"column":151}},"line":236},"28":{"name":"(anonymous_28)","decl":{"start":{"line":241,"column":113},"end":{"line":241,"column":114}},"loc":{"start":{"line":241,"column":119},"end":{"line":241,"column":138}},"line":241}},"branchMap":{"0":{"loc":{"start":{"line":56,"column":8},"end":{"line":61,"column":9}},"type":"if","locations":[{"start":{"line":56,"column":8},"end":{"line":61,"column":9}},{"start":{"line":59,"column":15},"end":{"line":61,"column":9}}],"line":56},"1":{"loc":{"start":{"line":83,"column":10},"end":{"line":87,"column":11}},"type":"if","locations":[{"start":{"line":83,"column":10},"end":{"line":87,"column":11}},{"start":{"line":85,"column":17},"end":{"line":87,"column":11}}],"line":83},"2":{"loc":{"start":{"line":92,"column":20},"end":{"line":96,"column":21}},"type":"cond-expr","locations":[{"start":{"line":92,"column":34},"end":{"line":96,"column":17}},{"start":{"line":96,"column":20},"end":{"line":96,"column":21}}],"line":92},"3":{"loc":{"start":{"line":116,"column":8},"end":{"line":121,"column":9}},"type":"if","locations":[{"start":{"line":116,"column":8},"end":{"line":121,"column":9}},{"start":{"line":119,"column":15},"end":{"line":121,"column":9}}],"line":116},"4":{"loc":{"start":{"line":135,"column":10},"end":{"line":139,"column":11}},"type":"if","locations":[{"start":{"line":135,"column":10},"end":{"line":139,"column":11}},{"start":{"line":137,"column":17},"end":{"line":139,"column":11}}],"line":135},"5":{"loc":{"start":{"line":177,"column":8},"end":{"line":181,"column":9}},"type":"if","locations":[{"start":{"line":177,"column":8},"end":{"line":181,"column":9}},{"start":{"line":179,"column":15},"end":{"line":181,"column":9}}],"line":177},"6":{"loc":{"start":{"line":202,"column":10},"end":{"line":202,"column":48}},"type":"binary-expr","locations":[{"start":{"line":202,"column":10},"end":{"line":202,"column":15}},{"start":{"line":202,"column":19},"end":{"line":202,"column":48}}],"line":202},"7":{"loc":{"start":{"line":203,"column":10},"end":{"line":203,"column":43}},"type":"binary-expr","locations":[{"start":{"line":203,"column":10},"end":{"line":203,"column":19}},{"start":{"line":203,"column":23},"end":{"line":203,"column":43}}],"line":203},"8":{"loc":{"start":{"line":204,"column":10},"end":{"line":250,"column":16}},"type":"binary-expr","locations":[{"start":{"line":204,"column":10},"end":{"line":204,"column":20}},{"start":{"line":205,"column":10},"end":{"line":250,"column":16}}],"line":204},"9":{"loc":{"start":{"line":209,"column":18},"end":{"line":221,"column":19}},"type":"binary-expr","locations":[{"start":{"line":209,"column":18},"end":{"line":209,"column":28}},{"start":{"line":210,"column":20},"end":{"line":220,"column":25}}],"line":209},"10":{"loc":{"start":{"line":229,"column":18},"end":{"line":246,"column":19}},"type":"binary-expr","locations":[{"start":{"line":229,"column":18},"end":{"line":229,"column":27}},{"start":{"line":230,"column":20},"end":{"line":245,"column":25}}],"line":229}},"s":{"0":0,"1":0,"2":0,"3":0,"4":0,"5":0,"6":0,"7":0,"8":0,"9":0,"10":0,"11":0,"12":0,"13":0,"14":0,"15":0,"16":0,"17":0,"18":0,"19":0,"20":0,"21":0,"22":0,"23":0,"24":0,"25":0,"26":0,"27":0,"28":0,"29":0,"30":0,"31":0,"32":0,"33":0,"34":0,"35":0,"36":0,"37":0,"38":0,"39":0,"40":0,"41":0,"42":0,"43":0,"44":0,"45":0,"46":0,"47":0,"48":0,"49":0,"50":0,"51":0,"52":0,"53":0,"54":0,"55":0,"56":0,"57":0,"58":0,"59":0,"60":0,"61":0,"62":0},"f":{"0":0,"1":0,"2":0,"3":0,"4":0,"5":0,"6":0,"7":0,"8":0,"9":0,"10":0,"11":0,"12":0,"13":0,"14":0,"15":0,"16":0,"17":0,"18":0,"19":0,"20":0,"21":0,"22":0,"23":0,"24":0,"25":0,"26":0,"27":0,"28":0},"b":{"0":[0,0],"1":[0,0],"2":[0,0],"3":[0,0],"4":[0,0],"5":[0,0],"6":[0,0],"7":[0,0],"8":[0,0],"9":[0,0],"10":[0,0]}}
,"/Users/omar/Desktop/Proyecto/Team22_OracleProductivityApp/MtdrSpring/backend/src/main/frontend/src/jest.config.js": {"path":"/Users/omar/Desktop/Proyecto/Team22_OracleProductivityApp/MtdrSpring/backend/src/main/frontend/src/jest.config.js","statementMap":{"0":{"start":{"line":1,"column":0},"end":{"line":7,"column":4}}},"fnMap":{},"branchMap":{},"s":{"0":0},"f":{},"b":{}}
}
