TN:
SF:src/API_Developer.js
FNF:0
FNH:0
DA:1,1
LF:1
LH:1
BRF:0
BRH:0
end_of_record
TN:
SF:src/API_Tarea.js
FNF:0
FNH:0
DA:1,1
LF:1
LH:1
BRF:0
BRH:0
end_of_record
TN:
SF:src/App.js
FN:37,App
FN:54,(anonymous_1)
FN:63,deleteItem
FN:68,(anonymous_3)
FN:79,(anonymous_4)
FN:80,(anonymous_5)
FN:83,(anonymous_6)
FN:88,toggleDone
FN:91,(anonymous_8)
FN:92,(anonymous_9)
FN:95,reloadOneIteam
FN:97,(anonymous_11)
FN:105,(anonymous_12)
FN:107,(anonymous_13)
FN:114,(anonymous_14)
FN:118,modifyItem
FN:128,(anonymous_16)
FN:145,(anonymous_17)
FN:149,(anonymous_18)
FN:157,(anonymous_19)
FN:161,(anonymous_20)
FN:173,addItem
FN:186,(anonymous_22)
FN:198,(anonymous_23)
FN:204,(anonymous_24)
FN:224,(anonymous_25)
FN:232,(anonymous_26)
FN:244,(anonymous_27)
FN:252,(anonymous_28)
FN:257,(anonymous_29)
FNF:30
FNH:0
FNDA:0,App
FNDA:0,(anonymous_1)
FNDA:0,deleteItem
FNDA:0,(anonymous_3)
FNDA:0,(anonymous_4)
FNDA:0,(anonymous_5)
FNDA:0,(anonymous_6)
FNDA:0,toggleDone
FNDA:0,(anonymous_8)
FNDA:0,(anonymous_9)
FNDA:0,reloadOneIteam
FNDA:0,(anonymous_11)
FNDA:0,(anonymous_12)
FNDA:0,(anonymous_13)
FNDA:0,(anonymous_14)
FNDA:0,modifyItem
FNDA:0,(anonymous_16)
FNDA:0,(anonymous_17)
FNDA:0,(anonymous_18)
FNDA:0,(anonymous_19)
FNDA:0,(anonymous_20)
FNDA:0,addItem
FNDA:0,(anonymous_22)
FNDA:0,(anonymous_23)
FNDA:0,(anonymous_24)
FNDA:0,(anonymous_25)
FNDA:0,(anonymous_26)
FNDA:0,(anonymous_27)
FNDA:0,(anonymous_28)
FNDA:0,(anonymous_29)
DA:40,0
DA:43,0
DA:46,0
DA:48,0
DA:52,0
DA:54,0
DA:56,0
DA:57,0
DA:58,0
DA:65,0
DA:71,0
DA:73,0
DA:75,0
DA:80,0
DA:81,0
DA:84,0
DA:89,0
DA:90,0
DA:91,0
DA:92,0
DA:96,0
DA:98,0
DA:99,0
DA:101,0
DA:106,0
DA:107,0
DA:112,0
DA:115,0
DA:120,0
DA:121,0
DA:131,0
DA:133,0
DA:135,0
DA:145,0
DA:146,0
DA:148,0
DA:150,0
DA:151,0
DA:153,0
DA:158,0
DA:159,0
DA:162,0
DA:163,0
DA:174,0
DA:175,0
DA:176,0
DA:177,0
DA:178,0
DA:179,0
DA:188,0
DA:189,0
DA:190,0
DA:192,0
DA:193,0
DA:195,0
DA:199,0
DA:200,0
DA:201,0
DA:202,0
DA:205,0
DA:206,0
DA:213,0
DA:225,0
DA:232,0
DA:245,0
DA:252,0
DA:257,0
LF:67
LH:0
BRDA:57,0,0,0
BRDA:57,0,1,0
BRDA:71,1,0,0
BRDA:71,1,1,0
BRDA:98,2,0,0
BRDA:98,2,1,0
BRDA:107,3,0,0
BRDA:107,3,1,0
BRDA:131,4,0,0
BRDA:131,4,1,0
BRDA:150,5,0,0
BRDA:150,5,1,0
BRDA:192,6,0,0
BRDA:192,6,1,0
BRDA:216,7,0,0
BRDA:216,7,1,0
BRDA:218,8,0,0
BRDA:218,8,1,0
BRDA:219,9,0,0
BRDA:219,9,1,0
BRDA:220,10,0,0
BRDA:220,10,1,0
BRDA:225,11,0,0
BRDA:225,11,1,0
BRDA:245,12,0,0
BRDA:245,12,1,0
BRF:26
BRH:0
end_of_record
TN:
SF:src/Login.js
FN:5,(anonymous_0)
FN:11,(anonymous_1)
FN:45,(anonymous_2)
FN:75,(anonymous_3)
FNF:4
FNH:4
FNDA:15,(anonymous_0)
FNDA:4,(anonymous_1)
FNDA:5,(anonymous_2)
FNDA:2,(anonymous_3)
DA:5,1
DA:6,15
DA:7,15
DA:8,15
DA:9,15
DA:11,15
DA:12,4
DA:15,4
DA:16,1
DA:17,1
DA:20,3
DA:21,1
DA:22,1
DA:25,2
DA:26,1
DA:27,1
DA:30,1
DA:31,1
DA:35,1
DA:36,1
DA:38,0
DA:41,0
DA:45,15
DA:46,5
DA:48,5
DA:49,4
DA:50,4
DA:52,1
DA:56,15
DA:75,2
LF:30
LH:28
BRDA:15,0,0,1
BRDA:15,0,1,3
BRDA:20,1,0,1
BRDA:20,1,1,2
BRDA:25,2,0,1
BRDA:25,2,1,1
BRDA:35,3,0,1
BRDA:35,3,1,0
BRDA:48,4,0,4
BRDA:48,4,1,1
BRDA:80,5,0,15
BRDA:80,5,1,4
BRF:12
BRH:11
end_of_record
TN:
SF:src/jest.setup.js
FNF:0
FNH:0
DA:4,0
LF:1
LH:0
BRF:0
BRH:0
end_of_record
TN:
SF:src/components/Calendar.js
FN:7,Calendar
FN:17,(anonymous_1)
FN:19,(anonymous_2)
FN:32,(anonymous_3)
FN:34,(anonymous_4)
FN:47,(anonymous_5)
FN:53,(anonymous_6)
FN:96,(anonymous_7)
FN:98,(anonymous_8)
FN:104,(anonymous_9)
FN:110,(anonymous_10)
FN:117,(anonymous_11)
FN:120,(anonymous_12)
FN:125,(anonymous_13)
FN:129,(anonymous_14)
FN:135,(anonymous_15)
FN:138,(anonymous_16)
FN:150,(anonymous_17)
FN:180,(anonymous_18)
FN:187,(anonymous_19)
FN:189,(anonymous_20)
FN:192,(anonymous_21)
FN:207,(anonymous_22)
FNF:23
FNH:6
FNDA:1,Calendar
FNDA:0,(anonymous_1)
FNDA:0,(anonymous_2)
FNDA:0,(anonymous_3)
FNDA:0,(anonymous_4)
FNDA:0,(anonymous_5)
FNDA:1,(anonymous_6)
FNDA:1,(anonymous_7)
FNDA:0,(anonymous_8)
FNDA:0,(anonymous_9)
FNDA:0,(anonymous_10)
FNDA:0,(anonymous_11)
FNDA:0,(anonymous_12)
FNDA:0,(anonymous_13)
FNDA:0,(anonymous_14)
FNDA:0,(anonymous_15)
FNDA:0,(anonymous_16)
FNDA:0,(anonymous_17)
FNDA:7,(anonymous_18)
FNDA:6,(anonymous_19)
FNDA:42,(anonymous_20)
FNDA:0,(anonymous_21)
FNDA:0,(anonymous_22)
DA:8,1
DA:9,1
DA:11,1
DA:17,1
DA:18,0
DA:19,0
DA:20,0
DA:21,0
DA:22,0
DA:23,0
DA:24,0
DA:25,0
DA:26,0
DA:28,0
DA:32,1
DA:33,0
DA:34,0
DA:35,0
DA:36,0
DA:37,0
DA:38,0
DA:39,0
DA:40,0
DA:41,0
DA:43,0
DA:47,1
DA:48,0
DA:49,0
DA:53,1
DA:54,1
DA:55,1
DA:56,1
DA:57,1
DA:58,1
DA:59,1
DA:60,1
DA:62,1
DA:63,1
DA:64,1
DA:65,1
DA:67,1
DA:68,42
DA:69,42
DA:70,2
DA:71,2
DA:72,2
DA:73,40
DA:74,31
DA:75,31
DA:76,31
DA:77,31
DA:79,9
DA:80,9
DA:81,9
DA:82,9
DA:84,42
DA:85,42
DA:86,6
DA:87,6
DA:90,1
DA:93,1
DA:96,1
DA:97,1
DA:99,0
DA:100,0
DA:102,0
DA:105,0
DA:106,0
DA:108,0
DA:111,0
DA:112,0
DA:114,0
DA:119,0
DA:120,0
DA:122,0
DA:124,0
DA:125,0
DA:126,0
DA:129,0
DA:135,0
DA:136,0
DA:139,0
DA:143,1
DA:151,0
DA:181,7
DA:188,6
DA:190,42
DA:192,42
DA:194,0
DA:197,42
DA:208,0
LF:91
LH:47
BRDA:24,0,0,0
BRDA:24,0,1,0
BRDA:39,1,0,0
BRDA:39,1,1,0
BRDA:58,2,0,0
BRDA:58,2,1,1
BRDA:69,3,0,2
BRDA:69,3,1,40
BRDA:73,4,0,31
BRDA:73,4,1,9
BRDA:73,5,0,40
BRDA:73,5,1,40
BRDA:85,6,0,6
BRDA:85,6,1,36
BRDA:99,7,0,0
BRDA:99,7,1,0
BRDA:105,8,0,0
BRDA:105,8,1,0
BRDA:111,9,0,0
BRDA:111,9,1,0
BRDA:148,10,0,0
BRDA:148,10,1,1
BRDA:200,11,0,31
BRDA:200,11,1,11
BRDA:204,12,0,42
BRDA:204,12,1,0
BRF:26
BRH:13
end_of_record
