TN:
SF:src/API_Developer.js
FNF:0
FNH:0
DA:1,0
LF:1
LH:0
BRF:0
BRH:0
end_of_record
TN:
SF:src/App.js
FN:35,App
FN:48,deleteItem
FN:53,(anonymous_2)
FN:64,(anonymous_3)
FN:65,(anonymous_4)
FN:68,(anonymous_5)
FN:73,toggleDone
FN:76,(anonymous_7)
FN:77,(anonymous_8)
FN:80,reloadOneIteam
FN:82,(anonymous_10)
FN:90,(anonymous_11)
FN:92,(anonymous_12)
FN:99,(anonymous_13)
FN:103,modifyItem
FN:113,(anonymous_15)
FN:130,(anonymous_16)
FN:134,(anonymous_17)
FN:142,(anonymous_18)
FN:146,(anonymous_19)
FN:158,addItem
FN:171,(anonymous_21)
FN:183,(anonymous_22)
FN:189,(anonymous_23)
FN:208,(anonymous_24)
FN:216,(anonymous_25)
FN:228,(anonymous_26)
FN:236,(anonymous_27)
FN:241,(anonymous_28)
FNF:29
FNH:0
FNDA:0,App
FNDA:0,deleteItem
FNDA:0,(anonymous_2)
FNDA:0,(anonymous_3)
FNDA:0,(anonymous_4)
FNDA:0,(anonymous_5)
FNDA:0,toggleDone
FNDA:0,(anonymous_7)
FNDA:0,(anonymous_8)
FNDA:0,reloadOneIteam
FNDA:0,(anonymous_10)
FNDA:0,(anonymous_11)
FNDA:0,(anonymous_12)
FNDA:0,(anonymous_13)
FNDA:0,modifyItem
FNDA:0,(anonymous_15)
FNDA:0,(anonymous_16)
FNDA:0,(anonymous_17)
FNDA:0,(anonymous_18)
FNDA:0,(anonymous_19)
FNDA:0,addItem
FNDA:0,(anonymous_21)
FNDA:0,(anonymous_22)
FNDA:0,(anonymous_23)
FNDA:0,(anonymous_24)
FNDA:0,(anonymous_25)
FNDA:0,(anonymous_26)
FNDA:0,(anonymous_27)
FNDA:0,(anonymous_28)
DA:38,0
DA:41,0
DA:44,0
DA:46,0
DA:50,0
DA:56,0
DA:58,0
DA:60,0
DA:65,0
DA:66,0
DA:69,0
DA:74,0
DA:75,0
DA:76,0
DA:77,0
DA:81,0
DA:83,0
DA:84,0
DA:86,0
DA:91,0
DA:92,0
DA:97,0
DA:100,0
DA:105,0
DA:106,0
DA:116,0
DA:118,0
DA:120,0
DA:130,0
DA:131,0
DA:133,0
DA:135,0
DA:136,0
DA:138,0
DA:143,0
DA:144,0
DA:147,0
DA:148,0
DA:159,0
DA:160,0
DA:161,0
DA:162,0
DA:163,0
DA:164,0
DA:173,0
DA:174,0
DA:175,0
DA:177,0
DA:178,0
DA:180,0
DA:184,0
DA:185,0
DA:186,0
DA:187,0
DA:190,0
DA:191,0
DA:198,0
DA:209,0
DA:216,0
DA:229,0
DA:236,0
DA:241,0
LF:62
LH:0
BRDA:56,0,0,0
BRDA:56,0,1,0
BRDA:83,1,0,0
BRDA:83,1,1,0
BRDA:92,2,0,0
BRDA:92,2,1,0
BRDA:116,3,0,0
BRDA:116,3,1,0
BRDA:135,4,0,0
BRDA:135,4,1,0
BRDA:177,5,0,0
BRDA:177,5,1,0
BRDA:202,6,0,0
BRDA:202,6,1,0
BRDA:203,7,0,0
BRDA:203,7,1,0
BRDA:204,8,0,0
BRDA:204,8,1,0
BRDA:209,9,0,0
BRDA:209,9,1,0
BRDA:229,10,0,0
BRDA:229,10,1,0
BRF:22
BRH:0
end_of_record
TN:
SF:src/jest.config.js
FNF:0
FNH:0
DA:1,0
LF:1
LH:0
BRF:0
BRH:0
end_of_record
