{"/Users/omar/Desktop/Proyecto/Team22_OracleProductivityApp/MtdrSpring/backend/src/main/frontend/src/API_Developer.js": {"path":"/Users/omar/Desktop/Proyecto/Team22_OracleProductivityApp/MtdrSpring/backend/src/main/frontend/src/API_Developer.js","statementMap":{"0":{"start":{"line":1,"column":22},"end":{"line":1,"column":35}}},"fnMap":{},"branchMap":{},"s":{"0":1},"f":{},"b":{},"_coverageSchema":"1a1c01bbd47fc00a2c39e90264f33305004495a9","hash":"c51b9851dcc33a625979af9e9cadb1ad809a0af9"}
,"/Users/omar/Desktop/Proyecto/Team22_OracleProductivityApp/MtdrSpring/backend/src/main/frontend/src/API_Estado.js": {"path":"/Users/omar/Desktop/Proyecto/Team22_OracleProductivityApp/MtdrSpring/backend/src/main/frontend/src/API_Estado.js","statementMap":{"0":{"start":{"line":1,"column":19},"end":{"line":1,"column":29}}},"fnMap":{},"branchMap":{},"s":{"0":1},"f":{},"b":{},"_coverageSchema":"1a1c01bbd47fc00a2c39e90264f33305004495a9","hash":"1915bea320128aa8d468a0f1d17952bc86801c94"}
,"/Users/omar/Desktop/Proyecto/Team22_OracleProductivityApp/MtdrSpring/backend/src/main/frontend/src/API_Prioridad.js": {"path":"/Users/omar/Desktop/Proyecto/Team22_OracleProductivityApp/MtdrSpring/backend/src/main/frontend/src/API_Prioridad.js","statementMap":{"0":{"start":{"line":1,"column":22},"end":{"line":1,"column":36}}},"fnMap":{},"branchMap":{},"s":{"0":1},"f":{},"b":{},"_coverageSchema":"1a1c01bbd47fc00a2c39e90264f33305004495a9","hash":"f5f73c4cd67fa3079d5b1e224ab7b74d9e484c74"}
,"/Users/omar/Desktop/Proyecto/Team22_OracleProductivityApp/MtdrSpring/backend/src/main/frontend/src/API_Tarea.js": {"path":"/Users/omar/Desktop/Proyecto/Team22_OracleProductivityApp/MtdrSpring/backend/src/main/frontend/src/API_Tarea.js","statementMap":{"0":{"start":{"line":1,"column":18},"end":{"line":1,"column":27}}},"fnMap":{},"branchMap":{},"s":{"0":1},"f":{},"b":{},"_coverageSchema":"1a1c01bbd47fc00a2c39e90264f33305004495a9","hash":"148e6651421f77cde052bcda3a53c9e966acdc62"}
,"/Users/omar/Desktop/Proyecto/Team22_OracleProductivityApp/MtdrSpring/backend/src/main/frontend/src/Login.js": {"path":"/Users/omar/Desktop/Proyecto/Team22_OracleProductivityApp/MtdrSpring/backend/src/main/frontend/src/Login.js","statementMap":{"0":{"start":{"line":6,"column":14},"end":{"line":86,"column":1}},"1":{"start":{"line":7,"column":19},"end":{"line":7,"column":32}},"2":{"start":{"line":8,"column":34},"end":{"line":8,"column":46}},"3":{"start":{"line":9,"column":38},"end":{"line":9,"column":50}},"4":{"start":{"line":10,"column":28},"end":{"line":10,"column":40}},"5":{"start":{"line":12,"column":22},"end":{"line":44,"column":3}},"6":{"start":{"line":13,"column":4},"end":{"line":13,"column":23}},"7":{"start":{"line":16,"column":4},"end":{"line":19,"column":5}},"8":{"start":{"line":17,"column":6},"end":{"line":17,"column":68}},"9":{"start":{"line":18,"column":6},"end":{"line":18,"column":13}},"10":{"start":{"line":21,"column":4},"end":{"line":24,"column":5}},"11":{"start":{"line":22,"column":6},"end":{"line":22,"column":72}},"12":{"start":{"line":23,"column":6},"end":{"line":23,"column":13}},"13":{"start":{"line":26,"column":4},"end":{"line":29,"column":5}},"14":{"start":{"line":27,"column":6},"end":{"line":27,"column":48}},"15":{"start":{"line":28,"column":6},"end":{"line":28,"column":13}},"16":{"start":{"line":31,"column":4},"end":{"line":43,"column":5}},"17":{"start":{"line":32,"column":23},"end":{"line":34,"column":7}},"18":{"start":{"line":36,"column":6},"end":{"line":40,"column":7}},"19":{"start":{"line":37,"column":8},"end":{"line":37,"column":25}},"20":{"start":{"line":39,"column":8},"end":{"line":39,"column":55}},"21":{"start":{"line":42,"column":6},"end":{"line":42,"column":53}},"22":{"start":{"line":46,"column":31},"end":{"line":55,"column":3}},"23":{"start":{"line":47,"column":18},"end":{"line":47,"column":32}},"24":{"start":{"line":49,"column":4},"end":{"line":54,"column":5}},"25":{"start":{"line":50,"column":6},"end":{"line":50,"column":25}},"26":{"start":{"line":51,"column":6},"end":{"line":51,"column":19}},"27":{"start":{"line":53,"column":6},"end":{"line":53,"column":65}},"28":{"start":{"line":57,"column":2},"end":{"line":85,"column":4}},"29":{"start":{"line":76,"column":29},"end":{"line":76,"column":58}}},"fnMap":{"0":{"name":"(anonymous_0)","decl":{"start":{"line":6,"column":14},"end":{"line":6,"column":15}},"loc":{"start":{"line":6,"column":20},"end":{"line":86,"column":1}},"line":6},"1":{"name":"(anonymous_1)","decl":{"start":{"line":12,"column":22},"end":{"line":12,"column":23}},"loc":{"start":{"line":12,"column":35},"end":{"line":44,"column":3}},"line":12},"2":{"name":"(anonymous_2)","decl":{"start":{"line":46,"column":31},"end":{"line":46,"column":32}},"loc":{"start":{"line":46,"column":38},"end":{"line":55,"column":3}},"line":46},"3":{"name":"(anonymous_3)","decl":{"start":{"line":76,"column":22},"end":{"line":76,"column":23}},"loc":{"start":{"line":76,"column":29},"end":{"line":76,"column":58}},"line":76}},"branchMap":{"0":{"loc":{"start":{"line":16,"column":4},"end":{"line":19,"column":5}},"type":"if","locations":[{"start":{"line":16,"column":4},"end":{"line":19,"column":5}},{"start":{},"end":{}}],"line":16},"1":{"loc":{"start":{"line":21,"column":4},"end":{"line":24,"column":5}},"type":"if","locations":[{"start":{"line":21,"column":4},"end":{"line":24,"column":5}},{"start":{},"end":{}}],"line":21},"2":{"loc":{"start":{"line":26,"column":4},"end":{"line":29,"column":5}},"type":"if","locations":[{"start":{"line":26,"column":4},"end":{"line":29,"column":5}},{"start":{},"end":{}}],"line":26},"3":{"loc":{"start":{"line":36,"column":6},"end":{"line":40,"column":7}},"type":"if","locations":[{"start":{"line":36,"column":6},"end":{"line":40,"column":7}},{"start":{"line":38,"column":13},"end":{"line":40,"column":7}}],"line":36},"4":{"loc":{"start":{"line":49,"column":4},"end":{"line":54,"column":5}},"type":"if","locations":[{"start":{"line":49,"column":4},"end":{"line":54,"column":5}},{"start":{"line":52,"column":11},"end":{"line":54,"column":5}}],"line":49},"5":{"loc":{"start":{"line":81,"column":11},"end":{"line":81,"column":52}},"type":"binary-expr","locations":[{"start":{"line":81,"column":11},"end":{"line":81,"column":16}},{"start":{"line":81,"column":20},"end":{"line":81,"column":52}}],"line":81}},"s":{"0":1,"1":18,"2":18,"3":18,"4":18,"5":18,"6":5,"7":5,"8":1,"9":1,"10":4,"11":1,"12":1,"13":3,"14":1,"15":1,"16":2,"17":2,"18":2,"19":2,"20":0,"21":0,"22":18,"23":6,"24":6,"25":5,"26":5,"27":1,"28":18,"29":3},"f":{"0":18,"1":5,"2":6,"3":3},"b":{"0":[1,4],"1":[1,3],"2":[1,2],"3":[2,0],"4":[5,1],"5":[18,4]},"_coverageSchema":"1a1c01bbd47fc00a2c39e90264f33305004495a9","hash":"440d6f2eb8c22bba958c357af15ebf26ba6c31b7"}
,"/Users/omar/Desktop/Proyecto/Team22_OracleProductivityApp/MtdrSpring/backend/src/main/frontend/src/components/Calendar.js": {"path":"/Users/omar/Desktop/Proyecto/Team22_OracleProductivityApp/MtdrSpring/backend/src/main/frontend/src/components/Calendar.js","statementMap":{"0":{"start":{"line":8,"column":40},"end":{"line":8,"column":70}},"1":{"start":{"line":9,"column":30},"end":{"line":9,"column":42}},"2":{"start":{"line":11,"column":21},"end":{"line":14,"column":3}},"3":{"start":{"line":17,"column":26},"end":{"line":30,"column":3}},"4":{"start":{"line":18,"column":4},"end":{"line":18,"column":23}},"5":{"start":{"line":19,"column":4},"end":{"line":29,"column":7}},"6":{"start":{"line":20,"column":19},"end":{"line":20,"column":41}},"7":{"start":{"line":21,"column":20},"end":{"line":21,"column":39}},"8":{"start":{"line":22,"column":21},"end":{"line":22,"column":30}},"9":{"start":{"line":23,"column":20},"end":{"line":23,"column":24}},"10":{"start":{"line":24,"column":6},"end":{"line":27,"column":7}},"11":{"start":{"line":25,"column":8},"end":{"line":25,"column":22}},"12":{"start":{"line":26,"column":8},"end":{"line":26,"column":27}},"13":{"start":{"line":28,"column":6},"end":{"line":28,"column":44}},"14":{"start":{"line":32,"column":26},"end":{"line":45,"column":3}},"15":{"start":{"line":33,"column":4},"end":{"line":33,"column":23}},"16":{"start":{"line":34,"column":4},"end":{"line":44,"column":7}},"17":{"start":{"line":35,"column":19},"end":{"line":35,"column":41}},"18":{"start":{"line":36,"column":20},"end":{"line":36,"column":39}},"19":{"start":{"line":37,"column":21},"end":{"line":37,"column":30}},"20":{"start":{"line":38,"column":20},"end":{"line":38,"column":24}},"21":{"start":{"line":39,"column":6},"end":{"line":42,"column":7}},"22":{"start":{"line":40,"column":8},"end":{"line":40,"column":21}},"23":{"start":{"line":41,"column":8},"end":{"line":41,"column":27}},"24":{"start":{"line":43,"column":6},"end":{"line":43,"column":44}},"25":{"start":{"line":47,"column":22},"end":{"line":50,"column":3}},"26":{"start":{"line":48,"column":4},"end":{"line":48,"column":23}},"27":{"start":{"line":49,"column":4},"end":{"line":49,"column":41}},"28":{"start":{"line":53,"column":27},"end":{"line":91,"column":3}},"29":{"start":{"line":54,"column":17},"end":{"line":54,"column":35}},"30":{"start":{"line":55,"column":18},"end":{"line":55,"column":33}},"31":{"start":{"line":56,"column":28},"end":{"line":56,"column":52}},"32":{"start":{"line":57,"column":19},"end":{"line":57,"column":43}},"33":{"start":{"line":58,"column":4},"end":{"line":58,"column":45}},"34":{"start":{"line":59,"column":24},"end":{"line":59,"column":62}},"35":{"start":{"line":60,"column":30},"end":{"line":60,"column":64}},"36":{"start":{"line":62,"column":21},"end":{"line":62,"column":23}},"37":{"start":{"line":63,"column":15},"end":{"line":63,"column":17}},"38":{"start":{"line":64,"column":21},"end":{"line":64,"column":22}},"39":{"start":{"line":65,"column":30},"end":{"line":65,"column":31}},"40":{"start":{"line":67,"column":4},"end":{"line":89,"column":5}},"41":{"start":{"line":67,"column":17},"end":{"line":67,"column":18}},"42":{"start":{"line":68,"column":17},"end":{"line":68,"column":19}},"43":{"start":{"line":69,"column":6},"end":{"line":83,"column":7}},"44":{"start":{"line":70,"column":8},"end":{"line":70,"column":62}},"45":{"start":{"line":71,"column":8},"end":{"line":71,"column":34}},"46":{"start":{"line":72,"column":8},"end":{"line":72,"column":56}},"47":{"start":{"line":73,"column":13},"end":{"line":83,"column":7}},"48":{"start":{"line":74,"column":8},"end":{"line":74,"column":30}},"49":{"start":{"line":75,"column":8},"end":{"line":75,"column":33}},"50":{"start":{"line":76,"column":8},"end":{"line":76,"column":54}},"51":{"start":{"line":77,"column":8},"end":{"line":77,"column":21}},"52":{"start":{"line":79,"column":8},"end":{"line":79,"column":39}},"53":{"start":{"line":80,"column":8},"end":{"line":80,"column":34}},"54":{"start":{"line":81,"column":8},"end":{"line":81,"column":67}},"55":{"start":{"line":82,"column":8},"end":{"line":82,"column":30}},"56":{"start":{"line":84,"column":6},"end":{"line":84,"column":22}},"57":{"start":{"line":85,"column":6},"end":{"line":88,"column":7}},"58":{"start":{"line":86,"column":8},"end":{"line":86,"column":28}},"59":{"start":{"line":87,"column":8},"end":{"line":87,"column":18}},"60":{"start":{"line":90,"column":4},"end":{"line":90,"column":20}},"61":{"start":{"line":93,"column":16},"end":{"line":93,"column":45}},"62":{"start":{"line":96,"column":2},"end":{"line":141,"column":9}},"63":{"start":{"line":97,"column":4},"end":{"line":140,"column":7}},"64":{"start":{"line":99,"column":8},"end":{"line":101,"column":9}},"65":{"start":{"line":100,"column":10},"end":{"line":100,"column":57}},"66":{"start":{"line":102,"column":8},"end":{"line":102,"column":31}},"67":{"start":{"line":105,"column":8},"end":{"line":107,"column":9}},"68":{"start":{"line":106,"column":10},"end":{"line":106,"column":58}},"69":{"start":{"line":108,"column":8},"end":{"line":108,"column":31}},"70":{"start":{"line":111,"column":8},"end":{"line":113,"column":9}},"71":{"start":{"line":112,"column":10},"end":{"line":112,"column":62}},"72":{"start":{"line":114,"column":8},"end":{"line":114,"column":31}},"73":{"start":{"line":119,"column":24},"end":{"line":119,"column":26}},"74":{"start":{"line":120,"column":6},"end":{"line":123,"column":9}},"75":{"start":{"line":122,"column":8},"end":{"line":122,"column":45}},"76":{"start":{"line":124,"column":27},"end":{"line":124,"column":29}},"77":{"start":{"line":125,"column":6},"end":{"line":127,"column":9}},"78":{"start":{"line":126,"column":8},"end":{"line":126,"column":57}},"79":{"start":{"line":129,"column":31},"end":{"line":133,"column":9}},"80":{"start":{"line":129,"column":56},"end":{"line":133,"column":7}},"81":{"start":{"line":135,"column":25},"end":{"line":135,"column":88}},"82":{"start":{"line":135,"column":58},"end":{"line":135,"column":87}},"83":{"start":{"line":136,"column":6},"end":{"line":136,"column":28}},"84":{"start":{"line":139,"column":6},"end":{"line":139,"column":52}},"85":{"start":{"line":143,"column":2},"end":{"line":224,"column":4}},"86":{"start":{"line":151,"column":16},"end":{"line":153,"column":21}},"87":{"start":{"line":181,"column":14},"end":{"line":183,"column":20}},"88":{"start":{"line":188,"column":12},"end":{"line":218,"column":22}},"89":{"start":{"line":190,"column":36},"end":{"line":190,"column":73}},"90":{"start":{"line":192,"column":33},"end":{"line":195,"column":18}},"91":{"start":{"line":194,"column":18},"end":{"line":194,"column":56}},"92":{"start":{"line":197,"column":16},"end":{"line":216,"column":18}},"93":{"start":{"line":208,"column":28},"end":{"line":210,"column":34}}},"fnMap":{"0":{"name":"Calendar","decl":{"start":{"line":7,"column":9},"end":{"line":7,"column":17}},"loc":{"start":{"line":7,"column":20},"end":{"line":225,"column":1}},"line":7},"1":{"name":"(anonymous_1)","decl":{"start":{"line":17,"column":26},"end":{"line":17,"column":27}},"loc":{"start":{"line":17,"column":33},"end":{"line":30,"column":3}},"line":17},"2":{"name":"(anonymous_2)","decl":{"start":{"line":19,"column":19},"end":{"line":19,"column":20}},"loc":{"start":{"line":19,"column":31},"end":{"line":29,"column":5}},"line":19},"3":{"name":"(anonymous_3)","decl":{"start":{"line":32,"column":26},"end":{"line":32,"column":27}},"loc":{"start":{"line":32,"column":33},"end":{"line":45,"column":3}},"line":32},"4":{"name":"(anonymous_4)","decl":{"start":{"line":34,"column":19},"end":{"line":34,"column":20}},"loc":{"start":{"line":34,"column":31},"end":{"line":44,"column":5}},"line":34},"5":{"name":"(anonymous_5)","decl":{"start":{"line":47,"column":22},"end":{"line":47,"column":23}},"loc":{"start":{"line":47,"column":29},"end":{"line":50,"column":3}},"line":47},"6":{"name":"(anonymous_6)","decl":{"start":{"line":53,"column":27},"end":{"line":53,"column":28}},"loc":{"start":{"line":53,"column":37},"end":{"line":91,"column":3}},"line":53},"7":{"name":"(anonymous_7)","decl":{"start":{"line":96,"column":12},"end":{"line":96,"column":13}},"loc":{"start":{"line":96,"column":18},"end":{"line":141,"column":3}},"line":96},"8":{"name":"(anonymous_8)","decl":{"start":{"line":98,"column":28},"end":{"line":98,"column":29}},"loc":{"start":{"line":98,"column":40},"end":{"line":103,"column":7}},"line":98},"9":{"name":"(anonymous_9)","decl":{"start":{"line":104,"column":29},"end":{"line":104,"column":30}},"loc":{"start":{"line":104,"column":41},"end":{"line":109,"column":7}},"line":104},"10":{"name":"(anonymous_10)","decl":{"start":{"line":110,"column":32},"end":{"line":110,"column":33}},"loc":{"start":{"line":110,"column":44},"end":{"line":115,"column":7}},"line":110},"11":{"name":"(anonymous_11)","decl":{"start":{"line":117,"column":10},"end":{"line":117,"column":11}},"loc":{"start":{"line":117,"column":58},"end":{"line":137,"column":5}},"line":117},"12":{"name":"(anonymous_12)","decl":{"start":{"line":120,"column":26},"end":{"line":120,"column":27}},"loc":{"start":{"line":120,"column":36},"end":{"line":123,"column":7}},"line":120},"13":{"name":"(anonymous_13)","decl":{"start":{"line":125,"column":30},"end":{"line":125,"column":31}},"loc":{"start":{"line":125,"column":43},"end":{"line":127,"column":7}},"line":125},"14":{"name":"(anonymous_14)","decl":{"start":{"line":129,"column":46},"end":{"line":129,"column":47}},"loc":{"start":{"line":129,"column":56},"end":{"line":133,"column":7}},"line":129},"15":{"name":"(anonymous_15)","decl":{"start":{"line":135,"column":49},"end":{"line":135,"column":50}},"loc":{"start":{"line":135,"column":58},"end":{"line":135,"column":87}},"line":135},"16":{"name":"(anonymous_16)","decl":{"start":{"line":138,"column":11},"end":{"line":138,"column":12}},"loc":{"start":{"line":138,"column":20},"end":{"line":140,"column":5}},"line":138},"17":{"name":"(anonymous_17)","decl":{"start":{"line":150,"column":26},"end":{"line":150,"column":27}},"loc":{"start":{"line":151,"column":16},"end":{"line":153,"column":21}},"line":151},"18":{"name":"(anonymous_18)","decl":{"start":{"line":180,"column":67},"end":{"line":180,"column":68}},"loc":{"start":{"line":181,"column":14},"end":{"line":183,"column":20}},"line":181},"19":{"name":"(anonymous_19)","decl":{"start":{"line":187,"column":21},"end":{"line":187,"column":22}},"loc":{"start":{"line":188,"column":12},"end":{"line":218,"column":22}},"line":188},"20":{"name":"(anonymous_20)","decl":{"start":{"line":189,"column":24},"end":{"line":189,"column":25}},"loc":{"start":{"line":189,"column":39},"end":{"line":217,"column":15}},"line":189},"21":{"name":"(anonymous_21)","decl":{"start":{"line":192,"column":47},"end":{"line":192,"column":48}},"loc":{"start":{"line":192,"column":56},"end":{"line":195,"column":17}},"line":192},"22":{"name":"(anonymous_22)","decl":{"start":{"line":207,"column":40},"end":{"line":207,"column":41}},"loc":{"start":{"line":208,"column":28},"end":{"line":210,"column":34}},"line":208}},"branchMap":{"0":{"loc":{"start":{"line":24,"column":6},"end":{"line":27,"column":7}},"type":"if","locations":[{"start":{"line":24,"column":6},"end":{"line":27,"column":7}},{"start":{},"end":{}}],"line":24},"1":{"loc":{"start":{"line":39,"column":6},"end":{"line":42,"column":7}},"type":"if","locations":[{"start":{"line":39,"column":6},"end":{"line":42,"column":7}},{"start":{},"end":{}}],"line":39},"2":{"loc":{"start":{"line":58,"column":15},"end":{"line":58,"column":44}},"type":"cond-expr","locations":[{"start":{"line":58,"column":32},"end":{"line":58,"column":33}},{"start":{"line":58,"column":36},"end":{"line":58,"column":44}}],"line":58},"3":{"loc":{"start":{"line":69,"column":6},"end":{"line":83,"column":7}},"type":"if","locations":[{"start":{"line":69,"column":6},"end":{"line":83,"column":7}},{"start":{"line":73,"column":13},"end":{"line":83,"column":7}}],"line":69},"4":{"loc":{"start":{"line":73,"column":13},"end":{"line":83,"column":7}},"type":"if","locations":[{"start":{"line":73,"column":13},"end":{"line":83,"column":7}},{"start":{"line":78,"column":13},"end":{"line":83,"column":7}}],"line":73},"5":{"loc":{"start":{"line":73,"column":17},"end":{"line":73,"column":65}},"type":"binary-expr","locations":[{"start":{"line":73,"column":17},"end":{"line":73,"column":36}},{"start":{"line":73,"column":40},"end":{"line":73,"column":65}}],"line":73},"6":{"loc":{"start":{"line":85,"column":6},"end":{"line":88,"column":7}},"type":"if","locations":[{"start":{"line":85,"column":6},"end":{"line":88,"column":7}},{"start":{},"end":{}}],"line":85},"7":{"loc":{"start":{"line":99,"column":8},"end":{"line":101,"column":9}},"type":"if","locations":[{"start":{"line":99,"column":8},"end":{"line":101,"column":9}},{"start":{},"end":{}}],"line":99},"8":{"loc":{"start":{"line":105,"column":8},"end":{"line":107,"column":9}},"type":"if","locations":[{"start":{"line":105,"column":8},"end":{"line":107,"column":9}},{"start":{},"end":{}}],"line":105},"9":{"loc":{"start":{"line":111,"column":8},"end":{"line":113,"column":9}},"type":"if","locations":[{"start":{"line":111,"column":8},"end":{"line":113,"column":9}},{"start":{},"end":{}}],"line":111},"10":{"loc":{"start":{"line":148,"column":11},"end":{"line":158,"column":11}},"type":"cond-expr","locations":[{"start":{"line":149,"column":12},"end":{"line":155,"column":17}},{"start":{"line":157,"column":12},"end":{"line":157,"column":44}}],"line":148},"11":{"loc":{"start":{"line":200,"column":47},"end":{"line":200,"column":82}},"type":"cond-expr","locations":[{"start":{"line":200,"column":67},"end":{"line":200,"column":69}},{"start":{"line":200,"column":72},"end":{"line":200,"column":82}}],"line":200},"12":{"loc":{"start":{"line":204,"column":21},"end":{"line":214,"column":21}},"type":"binary-expr","locations":[{"start":{"line":204,"column":21},"end":{"line":204,"column":40}},{"start":{"line":205,"column":22},"end":{"line":213,"column":28}}],"line":204}},"s":{"0":0,"1":0,"2":0,"3":0,"4":0,"5":0,"6":0,"7":0,"8":0,"9":0,"10":0,"11":0,"12":0,"13":0,"14":0,"15":0,"16":0,"17":0,"18":0,"19":0,"20":0,"21":0,"22":0,"23":0,"24":0,"25":0,"26":0,"27":0,"28":0,"29":0,"30":0,"31":0,"32":0,"33":0,"34":0,"35":0,"36":0,"37":0,"38":0,"39":0,"40":0,"41":0,"42":0,"43":0,"44":0,"45":0,"46":0,"47":0,"48":0,"49":0,"50":0,"51":0,"52":0,"53":0,"54":0,"55":0,"56":0,"57":0,"58":0,"59":0,"60":0,"61":0,"62":0,"63":0,"64":0,"65":0,"66":0,"67":0,"68":0,"69":0,"70":0,"71":0,"72":0,"73":0,"74":0,"75":0,"76":0,"77":0,"78":0,"79":0,"80":0,"81":0,"82":0,"83":0,"84":0,"85":0,"86":0,"87":0,"88":0,"89":0,"90":0,"91":0,"92":0,"93":0},"f":{"0":0,"1":0,"2":0,"3":0,"4":0,"5":0,"6":0,"7":0,"8":0,"9":0,"10":0,"11":0,"12":0,"13":0,"14":0,"15":0,"16":0,"17":0,"18":0,"19":0,"20":0,"21":0,"22":0},"b":{"0":[0,0],"1":[0,0],"2":[0,0],"3":[0,0],"4":[0,0],"5":[0,0],"6":[0,0],"7":[0,0],"8":[0,0],"9":[0,0],"10":[0,0],"11":[0,0],"12":[0,0]},"_coverageSchema":"1a1c01bbd47fc00a2c39e90264f33305004495a9","hash":"89f3cd6b429c5c6d81afc381227a89dc2a40d783"}
}
