TN:
SF:API_Developer.js
FNF:0
FNH:0
DA:1,1
LF:1
LH:1
BRF:0
BRH:0
end_of_record
TN:
SF:API_Estado.js
FNF:0
FNH:0
DA:1,1
LF:1
LH:1
BRF:0
BRH:0
end_of_record
TN:
SF:API_Prioridad.js
FNF:0
FNH:0
DA:1,1
LF:1
LH:1
BRF:0
BRH:0
end_of_record
TN:
SF:API_Tarea.js
FNF:0
FNH:0
DA:1,1
LF:1
LH:1
BRF:0
BRH:0
end_of_record
TN:
SF:Login.js
FN:6,(anonymous_0)
FN:12,(anonymous_1)
FN:46,(anonymous_2)
FN:76,(anonymous_3)
FNF:4
FNH:4
FNDA:18,(anonymous_0)
FNDA:5,(anonymous_1)
FNDA:6,(anonymous_2)
FNDA:3,(anonymous_3)
DA:6,1
DA:7,18
DA:8,18
DA:9,18
DA:10,18
DA:12,18
DA:13,5
DA:16,5
DA:17,1
DA:18,1
DA:21,4
DA:22,1
DA:23,1
DA:26,3
DA:27,1
DA:28,1
DA:31,2
DA:32,2
DA:36,2
DA:37,2
DA:39,0
DA:42,0
DA:46,18
DA:47,6
DA:49,6
DA:50,5
DA:51,5
DA:53,1
DA:57,18
DA:76,3
LF:30
LH:28
BRDA:16,0,0,1
BRDA:16,0,1,4
BRDA:21,1,0,1
BRDA:21,1,1,3
BRDA:26,2,0,1
BRDA:26,2,1,2
BRDA:36,3,0,2
BRDA:36,3,1,0
BRDA:49,4,0,5
BRDA:49,4,1,1
BRDA:81,5,0,18
BRDA:81,5,1,4
BRF:12
BRH:11
end_of_record
TN:
SF:components/Calendar.js
FN:7,Calendar
FN:17,(anonymous_1)
FN:19,(anonymous_2)
FN:32,(anonymous_3)
FN:34,(anonymous_4)
FN:47,(anonymous_5)
FN:53,(anonymous_6)
FN:96,(anonymous_7)
FN:98,(anonymous_8)
FN:104,(anonymous_9)
FN:110,(anonymous_10)
FN:117,(anonymous_11)
FN:120,(anonymous_12)
FN:125,(anonymous_13)
FN:129,(anonymous_14)
FN:135,(anonymous_15)
FN:138,(anonymous_16)
FN:150,(anonymous_17)
FN:180,(anonymous_18)
FN:187,(anonymous_19)
FN:189,(anonymous_20)
FN:192,(anonymous_21)
FN:207,(anonymous_22)
FNF:23
FNH:0
FNDA:0,Calendar
FNDA:0,(anonymous_1)
FNDA:0,(anonymous_2)
FNDA:0,(anonymous_3)
FNDA:0,(anonymous_4)
FNDA:0,(anonymous_5)
FNDA:0,(anonymous_6)
FNDA:0,(anonymous_7)
FNDA:0,(anonymous_8)
FNDA:0,(anonymous_9)
FNDA:0,(anonymous_10)
FNDA:0,(anonymous_11)
FNDA:0,(anonymous_12)
FNDA:0,(anonymous_13)
FNDA:0,(anonymous_14)
FNDA:0,(anonymous_15)
FNDA:0,(anonymous_16)
FNDA:0,(anonymous_17)
FNDA:0,(anonymous_18)
FNDA:0,(anonymous_19)
FNDA:0,(anonymous_20)
FNDA:0,(anonymous_21)
FNDA:0,(anonymous_22)
DA:8,0
DA:9,0
DA:11,0
DA:17,0
DA:18,0
DA:19,0
DA:20,0
DA:21,0
DA:22,0
DA:23,0
DA:24,0
DA:25,0
DA:26,0
DA:28,0
DA:32,0
DA:33,0
DA:34,0
DA:35,0
DA:36,0
DA:37,0
DA:38,0
DA:39,0
DA:40,0
DA:41,0
DA:43,0
DA:47,0
DA:48,0
DA:49,0
DA:53,0
DA:54,0
DA:55,0
DA:56,0
DA:57,0
DA:58,0
DA:59,0
DA:60,0
DA:62,0
DA:63,0
DA:64,0
DA:65,0
DA:67,0
DA:68,0
DA:69,0
DA:70,0
DA:71,0
DA:72,0
DA:73,0
DA:74,0
DA:75,0
DA:76,0
DA:77,0
DA:79,0
DA:80,0
DA:81,0
DA:82,0
DA:84,0
DA:85,0
DA:86,0
DA:87,0
DA:90,0
DA:93,0
DA:96,0
DA:97,0
DA:99,0
DA:100,0
DA:102,0
DA:105,0
DA:106,0
DA:108,0
DA:111,0
DA:112,0
DA:114,0
DA:119,0
DA:120,0
DA:122,0
DA:124,0
DA:125,0
DA:126,0
DA:129,0
DA:135,0
DA:136,0
DA:139,0
DA:143,0
DA:151,0
DA:181,0
DA:188,0
DA:190,0
DA:192,0
DA:194,0
DA:197,0
DA:208,0
LF:91
LH:0
BRDA:24,0,0,0
BRDA:24,0,1,0
BRDA:39,1,0,0
BRDA:39,1,1,0
BRDA:58,2,0,0
BRDA:58,2,1,0
BRDA:69,3,0,0
BRDA:69,3,1,0
BRDA:73,4,0,0
BRDA:73,4,1,0
BRDA:73,5,0,0
BRDA:73,5,1,0
BRDA:85,6,0,0
BRDA:85,6,1,0
BRDA:99,7,0,0
BRDA:99,7,1,0
BRDA:105,8,0,0
BRDA:105,8,1,0
BRDA:111,9,0,0
BRDA:111,9,1,0
BRDA:148,10,0,0
BRDA:148,10,1,0
BRDA:200,11,0,0
BRDA:200,11,1,0
BRDA:204,12,0,0
BRDA:204,12,1,0
BRF:26
BRH:0
end_of_record
